Initialized native services in: C:\Users\kevon\.gradle\native
Initialized jansi services in: C:\Users\kevon\.gradle\native
Found daemon DaemonInfo{pid=16796, address=[d761f420-6bb4-4d46-96ed-004bf675f89d port:61858, addresses:[/127.0.0.1]], state=Idle, lastBusy=1771586940416, context=DefaultDaemonContext[uid=2b05d4b9-b940-4ac2-8b3d-2b5230ad7de2,javaHome=C:\Users\kevon\.jdks\openjdk-25.0.2,javaVersion=25,javaVendor=Oracle Corporation,daemonRegistryDir=C:\Users\kevon\.gradle\daemon,pid=16796,idleTimeout=10800000,priority=NORMAL,applyInstrumentationAgent=true,nativeServicesMode=ENABLED,daemonOpts=-XX:MaxMetaspaceSize=384m,-XX:+HeapDumpOnOutOfMemoryError,-Xms256m,-Xmx512m,-Dfile.encoding=UTF-8,-Duser.country=US,-Duser.language=en,-Duser.variant]} however its context does not match the desired criteria.
JVM is incompatible.
Wanted: DaemonRequestContext{jvmCriteria=C:\Program Files\Java\jdk-23 (no JDK specified, using current Java home), daemonOpts=[-XX:MaxMetaspaceSize=384m, -XX:+HeapDumpOnOutOfMemoryError, -Xms256m, -Xmx512m, -Dfile.encoding=UTF-8, -Duser.country=US, -Duser.language=en, -Duser.variant], applyInstrumentationAgent=true, nativeServicesMode=ENABLED, priority=NORMAL}
Actual: DefaultDaemonContext[uid=2b05d4b9-b940-4ac2-8b3d-2b5230ad7de2,javaHome=C:\Users\kevon\.jdks\openjdk-25.0.2,javaVersion=25,javaVendor=Oracle Corporation,daemonRegistryDir=C:\Users\kevon\.gradle\daemon,pid=16796,idleTimeout=10800000,priority=NORMAL,applyInstrumentationAgent=true,nativeServicesMode=ENABLED,daemonOpts=-XX:MaxMetaspaceSize=384m,-XX:+HeapDumpOnOutOfMemoryError,-Xms256m,-Xmx512m,-Dfile.encoding=UTF-8,-Duser.country=US,-Duser.language=en,-Duser.variant]

  Looking for a different daemon...
Found daemon DaemonInfo{pid=28340, address=[f5745241-16bf-424a-8b72-575b9ca736cb port:52112, addresses:[/127.0.0.1]], state=Idle, lastBusy=1771653145764, context=DefaultDaemonContext[uid=91c5c659-013f-4603-90e4-3100f2691598,javaHome=C:\Users\kevon\.antigravity\extensions\redhat.java-1.12.0-win32-x64\jre\17.0.4.1-win32-x86_64,javaVersion=17,javaVendor=Eclipse Adoptium,daemonRegistryDir=C:\Users\kevon\.gradle\daemon,pid=28340,idleTimeout=10800000,priority=NORMAL,applyInstrumentationAgent=true,nativeServicesMode=ENABLED,daemonOpts=-XX:MaxMetaspaceSize=384m,-XX:+HeapDumpOnOutOfMemoryError,-Xms256m,-Xmx512m,-Dfile.encoding=UTF-8,-Duser.country=US,-Duser.language=en,-Duser.variant]} however its context does not match the desired criteria.
JVM is incompatible.
Wanted: DaemonRequestContext{jvmCriteria=C:\Program Files\Java\jdk-23 (no JDK specified, using current Java home), daemonOpts=[-XX:MaxMetaspaceSize=384m, -XX:+HeapDumpOnOutOfMemoryError, -Xms256m, -Xmx512m, -Dfile.encoding=UTF-8, -Duser.country=US, -Duser.language=en, -Duser.variant], applyInstrumentationAgent=true, nativeServicesMode=ENABLED, priority=NORMAL}
Actual: DefaultDaemonContext[uid=91c5c659-013f-4603-90e4-3100f2691598,javaHome=C:\Users\kevon\.antigravity\extensions\redhat.java-1.12.0-win32-x64\jre\17.0.4.1-win32-x86_64,javaVersion=17,javaVendor=Eclipse Adoptium,daemonRegistryDir=C:\Users\kevon\.gradle\daemon,pid=28340,idleTimeout=10800000,priority=NORMAL,applyInstrumentationAgent=true,nativeServicesMode=ENABLED,daemonOpts=-XX:MaxMetaspaceSize=384m,-XX:+HeapDumpOnOutOfMemoryError,-Xms256m,-Xmx512m,-Dfile.encoding=UTF-8,-Duser.country=US,-Duser.language=en,-Duser.variant]

  Looking for a different daemon...
Removing 0 daemon stop events from registry
Previous Daemon (39044) stopped at Sat Feb 21 00:52:24 EST 2026 by user or operating system
Previous Daemon (15684) stopped at Sat Feb 21 00:54:27 EST 2026 by user or operating system
Starting a Gradle Daemon, 6 busy and 2 incompatible and 2 stopped Daemons could not be reused, use --status for details
Starting process 'Gradle build daemon'. Working directory: C:\Users\kevon\.gradle\daemon\9.2.1 Command: C:\Program Files\Java\jdk-23\bin\java.exe --add-opens=java.base/java.lang=ALL-UNNAMED --add-opens=java.base/java.lang.invoke=ALL-UNNAMED --add-opens=java.base/java.util=ALL-UNNAMED --add-opens=java.prefs/java.util.prefs=ALL-UNNAMED --add-exports=jdk.compiler/com.sun.tools.javac.api=ALL-UNNAMED --add-exports=jdk.compiler/com.sun.tools.javac.util=ALL-UNNAMED --add-opens=java.base/java.util=ALL-UNNAMED --add-opens=java.prefs/java.util.prefs=ALL-UNNAMED --add-opens=java.base/java.nio.charset=ALL-UNNAMED --add-opens=java.base/java.net=ALL-UNNAMED --add-opens=java.base/java.util.concurrent=ALL-UNNAMED --add-opens=java.base/java.util.concurrent.atomic=ALL-UNNAMED --add-opens=java.xml/javax.xml.namespace=ALL-UNNAMED --add-opens=java.base/java.time=ALL-UNNAMED -XX:MaxMetaspaceSize=384m -XX:+HeapDumpOnOutOfMemoryError -Xms256m -Xmx512m -Dfile.encoding=UTF-8 -Duser.country=US -Duser.language=en -Duser.variant -cp C:\Users\kevon\.gradle\wrapper\dists\gradle-9.2.1-bin\2t0n5ozlw9xmuyvbp7dnzaxug\gradle-9.2.1\lib\gradle-daemon-main-9.2.1.jar -javaagent:C:\Users\kevon\.gradle\wrapper\dists\gradle-9.2.1-bin\2t0n5ozlw9xmuyvbp7dnzaxug\gradle-9.2.1\lib\agents\gradle-instrumentation-agent-9.2.1.jar org.gradle.launcher.daemon.bootstrap.GradleDaemon 9.2.1
Successfully started process 'Gradle build daemon'
An attempt to start the daemon took 1.099 secs.
The client will now receive all logging from the daemon (pid: 33428). The daemon log file: C:\Users\kevon\.gradle\daemon\9.2.1\daemon-33428.out.log
Starting build in new daemon [memory: 512 MiB]
Using 32 worker leases.
Operational build model parameters: {requiresToolingModels=false, parallelProjectExecution=false, configureOnDemand=false, configurationCache=false, configurationCacheParallelStore=false, configurationCacheParallelLoad=true, isolatedProjects=false, parallelProjectConfiguration=false, intermediateModelCache=false, parallelToolingApiActions=false, invalidateCoupledProjects=false, modelAsProjectDependency=false, resilientModelBuilding=false}
Received JVM installation metadata from 'C:\Program Files\Java\jdk-23': {JAVA_HOME=C:\Program Files\Java\jdk-23, JAVA_VERSION=23.0.2, JAVA_VENDOR=Oracle Corporation, RUNTIME_NAME=Java(TM) SE Runtime Environment, RUNTIME_VERSION=23.0.2+7-58, VM_NAME=Java HotSpot(TM) 64-Bit Server VM, VM_VERSION=23.0.2+7-58, VM_VENDOR=Oracle Corporation, OS_ARCH=amd64}
Watching the file system is configured to be enabled if available
Now considering [C:\Users\kevon\IntelliJ\gamedb] as hierarchies to watch
File system watching is active
Starting Build
Settings evaluated using settings file 'C:\Users\kevon\IntelliJ\gamedb\settings.gradle'.
Projects loaded. Root project using build file 'C:\Users\kevon\IntelliJ\gamedb\build.gradle'.
Included projects: [root project 'gamedb']

> Configure project :
Evaluating root project 'gamedb' using build file 'C:\Users\kevon\IntelliJ\gamedb\build.gradle'.
Resolved plugin [id: 'java']
Resolved plugin [id: 'org.springframework.boot', version: '4.0.1']
Resolved plugin [id: 'io.spring.dependency-management', version: '1.1.7']
Applying dependency management to configuration 'annotationProcessor' in project 'gamedb'
Applying dependency management to configuration 'apiElements' in project 'gamedb'
Applying dependency management to configuration 'archives' in project 'gamedb'
Applying dependency management to configuration 'bootArchives' in project 'gamedb'
Applying dependency management to configuration 'compileClasspath' in project 'gamedb'
Applying dependency management to configuration 'compileOnly' in project 'gamedb'
Applying dependency management to configuration 'default' in project 'gamedb'
Applying dependency management to configuration 'developmentOnly' in project 'gamedb'
Applying dependency management to configuration 'implementation' in project 'gamedb'
Applying dependency management to configuration 'mainSourceElements' in project 'gamedb'
Applying dependency management to configuration 'productionRuntimeClasspath' in project 'gamedb'
Applying dependency management to configuration 'runtimeClasspath' in project 'gamedb'
Applying dependency management to configuration 'runtimeElements' in project 'gamedb'
Applying dependency management to configuration 'runtimeOnly' in project 'gamedb'
Applying dependency management to configuration 'testAndDevelopmentOnly' in project 'gamedb'
Applying dependency management to configuration 'testAnnotationProcessor' in project 'gamedb'
Applying dependency management to configuration 'testCompileClasspath' in project 'gamedb'
Applying dependency management to configuration 'testCompileOnly' in project 'gamedb'
Applying dependency management to configuration 'testImplementation' in project 'gamedb'
Applying dependency management to configuration 'testResultsElementsForTest' in project 'gamedb'
Applying dependency management to configuration 'testRuntimeClasspath' in project 'gamedb'
Applying dependency management to configuration 'testRuntimeOnly' in project 'gamedb'
All projects evaluated.
Task name matched 'bootRun'
Selected primary task 'bootRun' from project :
Starting process 'command 'C:\Program Files (x86)\Java\jre1.8.0_471\bin\java.exe''. Working directory: C:\Users\kevon\.gradle\.tmp\tmp-jvm10174398317959261162probe Command: C:\Program Files (x86)\Java\jre1.8.0_471\bin\java.exe -Xmx32m -Xms32m -cp . JavaProbe
Successfully started process 'command 'C:\Program Files (x86)\Java\jre1.8.0_471\bin\java.exe''
Received JVM installation metadata from 'C:\Program Files (x86)\Java\jre1.8.0_471': {JAVA_HOME=C:\Program Files (x86)\Java\jre1.8.0_471, JAVA_VERSION=1.8.0_471, JAVA_VENDOR=Oracle Corporation, RUNTIME_NAME=Java(TM) SE Runtime Environment, RUNTIME_VERSION=1.8.0_471-b09, VM_NAME=Java HotSpot(TM) Client VM, VM_VERSION=25.471-b09, VM_VENDOR=Oracle Corporation, OS_ARCH=x86}
Starting process 'command 'C:\Users\kevon\.jdks\openjdk-25.0.2\bin\java.exe''. Working directory: C:\Users\kevon\.gradle\.tmp\tmp-jvm15981403790776523711probe Command: C:\Users\kevon\.jdks\openjdk-25.0.2\bin\java.exe -Xmx32m -Xms32m -cp . JavaProbe
Successfully started process 'command 'C:\Users\kevon\.jdks\openjdk-25.0.2\bin\java.exe''
Received JVM installation metadata from 'C:\Users\kevon\.jdks\openjdk-25.0.2': {JAVA_HOME=C:\Users\kevon\.jdks\openjdk-25.0.2, JAVA_VERSION=25.0.2, JAVA_VENDOR=Oracle Corporation, RUNTIME_NAME=OpenJDK Runtime Environment, RUNTIME_VERSION=25.0.2+10-69, VM_NAME=OpenJDK 64-Bit Server VM, VM_VERSION=25.0.2+10-69, VM_VENDOR=Oracle Corporation, OS_ARCH=amd64}
Starting process 'command 'C:\Program Files\Java\jdk-19\bin\java.exe''. Working directory: C:\Users\kevon\.gradle\.tmp\tmp-jvm7051468496265657021probe Command: C:\Program Files\Java\jdk-19\bin\java.exe -Xmx32m -Xms32m -cp . JavaProbe
Successfully started process 'command 'C:\Program Files\Java\jdk-19\bin\java.exe''
Received JVM installation metadata from 'C:\Program Files\Java\jdk-19': {JAVA_HOME=C:\Program Files\Java\jdk-19, JAVA_VERSION=19.0.1, JAVA_VENDOR=Oracle Corporation, RUNTIME_NAME=Java(TM) SE Runtime Environment, RUNTIME_VERSION=19.0.1+10-21, VM_NAME=Java HotSpot(TM) 64-Bit Server VM, VM_VERSION=19.0.1+10-21, VM_VENDOR=Oracle Corporation, OS_ARCH=amd64}
Starting process 'command 'C:\Program Files\Java\jdk-16.0.2\bin\java.exe''. Working directory: C:\Users\kevon\.gradle\.tmp\tmp-jvm16749404387081122105probe Command: C:\Program Files\Java\jdk-16.0.2\bin\java.exe -Xmx32m -Xms32m -cp . JavaProbe
Successfully started process 'command 'C:\Program Files\Java\jdk-16.0.2\bin\java.exe''
Received JVM installation metadata from 'C:\Program Files\Java\jdk-16.0.2': {JAVA_HOME=C:\Program Files\Java\jdk-16.0.2, JAVA_VERSION=16.0.2, JAVA_VENDOR=Oracle Corporation, RUNTIME_NAME=Java(TM) SE Runtime Environment, RUNTIME_VERSION=16.0.2+7-67, VM_NAME=Java HotSpot(TM) 64-Bit Server VM, VM_VERSION=16.0.2+7-67, VM_VENDOR=Oracle Corporation, OS_ARCH=amd64}
Starting process 'command 'C:\Program Files\Java\jre1.8.0_471\bin\java.exe''. Working directory: C:\Users\kevon\.gradle\.tmp\tmp-jvm10554208412214534346probe Command: C:\Program Files\Java\jre1.8.0_471\bin\java.exe -Xmx32m -Xms32m -cp . JavaProbe
Successfully started process 'command 'C:\Program Files\Java\jre1.8.0_471\bin\java.exe''
Received JVM installation metadata from 'C:\Program Files\Java\jre1.8.0_471': {JAVA_HOME=C:\Program Files\Java\jre1.8.0_471, JAVA_VERSION=1.8.0_471, JAVA_VENDOR=Oracle Corporation, RUNTIME_NAME=Java(TM) SE Runtime Environment, RUNTIME_VERSION=1.8.0_471-b09, VM_NAME=Java HotSpot(TM) 64-Bit Server VM, VM_VERSION=25.471-b09, VM_VENDOR=Oracle Corporation, OS_ARCH=amd64}
Starting process 'command 'C:\Users\kevon\.jdks\openjdk-22.0.1\bin\java.exe''. Working directory: C:\Users\kevon\.gradle\.tmp\tmp-jvm15588960455886506873probe Command: C:\Users\kevon\.jdks\openjdk-22.0.1\bin\java.exe -Xmx32m -Xms32m -cp . JavaProbe
Successfully started process 'command 'C:\Users\kevon\.jdks\openjdk-22.0.1\bin\java.exe''
Received JVM installation metadata from 'C:\Users\kevon\.jdks\openjdk-22.0.1': {JAVA_HOME=C:\Users\kevon\.jdks\openjdk-22.0.1, JAVA_VERSION=22.0.1, JAVA_VENDOR=Oracle Corporation, RUNTIME_NAME=OpenJDK Runtime Environment, RUNTIME_VERSION=22.0.1+8-16, VM_NAME=OpenJDK 64-Bit Server VM, VM_VERSION=22.0.1+8-16, VM_VENDOR=Oracle Corporation, OS_ARCH=amd64}
Starting process 'command 'C:\Program Files\Java\jdk-17\bin\java.exe''. Working directory: C:\Users\kevon\.gradle\.tmp\tmp-jvm2664780782941776772probe Command: C:\Program Files\Java\jdk-17\bin\java.exe -Xmx32m -Xms32m -cp . JavaProbe
Successfully started process 'command 'C:\Program Files\Java\jdk-17\bin\java.exe''
Received JVM installation metadata from 'C:\Program Files\Java\jdk-17': {JAVA_HOME=C:\Program Files\Java\jdk-17, JAVA_VERSION=17.0.7, JAVA_VENDOR=Oracle Corporation, RUNTIME_NAME=Java(TM) SE Runtime Environment, RUNTIME_VERSION=17.0.7+8-LTS-224, VM_NAME=Java HotSpot(TM) 64-Bit Server VM, VM_VERSION=17.0.7+8-LTS-224, VM_VENDOR=Oracle Corporation, OS_ARCH=amd64}
Starting process 'command 'C:\Users\kevon\.jdks\openjdk-22.0.2\bin\java.exe''. Working directory: C:\Users\kevon\.gradle\.tmp\tmp-jvm18434374959438610795probe Command: C:\Users\kevon\.jdks\openjdk-22.0.2\bin\java.exe -Xmx32m -Xms32m -cp . JavaProbe
Successfully started process 'command 'C:\Users\kevon\.jdks\openjdk-22.0.2\bin\java.exe''
Received JVM installation metadata from 'C:\Users\kevon\.jdks\openjdk-22.0.2': {JAVA_HOME=C:\Users\kevon\.jdks\openjdk-22.0.2, JAVA_VERSION=22.0.2, JAVA_VENDOR=Oracle Corporation, RUNTIME_NAME=OpenJDK Runtime Environment, RUNTIME_VERSION=22.0.2+9-70, VM_NAME=OpenJDK 64-Bit Server VM, VM_VERSION=22.0.2+9-70, VM_VENDOR=Oracle Corporation, OS_ARCH=amd64}
Starting process 'command 'C:\Users\kevon\.jdks\openjdk-25\bin\java.exe''. Working directory: C:\Users\kevon\.gradle\.tmp\tmp-jvm8381431800695559368probe Command: C:\Users\kevon\.jdks\openjdk-25\bin\java.exe -Xmx32m -Xms32m -cp . JavaProbe
Successfully started process 'command 'C:\Users\kevon\.jdks\openjdk-25\bin\java.exe''
Received JVM installation metadata from 'C:\Users\kevon\.jdks\openjdk-25': {JAVA_HOME=C:\Users\kevon\.jdks\openjdk-25, JAVA_VERSION=25, JAVA_VENDOR=Oracle Corporation, RUNTIME_NAME=OpenJDK Runtime Environment, RUNTIME_VERSION=25+36-3489, VM_NAME=OpenJDK 64-Bit Server VM, VM_VERSION=25+36-3489, VM_VENDOR=Oracle Corporation, OS_ARCH=amd64}
Resolving global dependency management for project 'gamedb'
Excluding []
Excluding []
Excluding []
Excluding []
Excluding []
Tasks to be executed: [task ':compileJava', task ':processResources', task ':classes', task ':resolveMainClassName', task ':bootRun']
Tasks that were excluded: []
Resolve mutations for :compileJava (Thread[#327,Execution worker Thread 3,5,main]) started.
:compileJava (Thread[#327,Execution worker Thread 3,5,main]) started.

> Task :compileJava UP-TO-DATE
Custom actions are attached to task ':compileJava'.
Caching disabled for task ':compileJava' because:
  Build cache is disabled
Skipping task ':compileJava' as it is up-to-date.
Resolve mutations for :processResources (Thread[#327,Execution worker Thread 3,5,main]) started.
:processResources (Thread[#327,Execution worker Thread 3,5,main]) started.

> Task :processResources UP-TO-DATE
Caching disabled for task ':processResources' because:
  Build cache is disabled
  Not worth caching
Skipping task ':processResources' as it is up-to-date.
Resolve mutations for :classes (Thread[#327,Execution worker Thread 3,5,main]) started.
:classes (Thread[#327,Execution worker Thread 3,5,main]) started.

> Task :classes UP-TO-DATE
Skipping task ':classes' as it has no actions.
Resolve mutations for :resolveMainClassName (Thread[#327,Execution worker Thread 3,5,main]) started.
:resolveMainClassName (Thread[#327,Execution worker Thread 3,5,main]) started.

> Task :resolveMainClassName UP-TO-DATE
Caching disabled for task ':resolveMainClassName' because:
  Build cache is disabled
  Not worth caching
Skipping task ':resolveMainClassName' as it is up-to-date.
Resolve mutations for :bootRun (Thread[#327,Execution worker Thread 3,5,main]) started.
:bootRun (Thread[#327,Execution worker Thread 3,5,main]) started.

> Task :bootRun
Caching disabled for task ':bootRun' because:
  Build cache is disabled
Task ':bootRun' is not up-to-date because:
  Task has not declared any outputs despite executing actions.
Starting process 'command 'C:\Users\kevon\.jdks\openjdk-25.0.2\bin\java.exe''. Working directory: C:\Users\kevon\IntelliJ\gamedb Command: C:\Users\kevon\.jdks\openjdk-25.0.2\bin\java.exe -XX:TieredStopAtLevel=1 -Dfile.encoding=UTF-8 -Duser.country=US -Duser.language=en -Duser.variant -cp C:\Users\kevon\IntelliJ\gamedb\build\classes\java\main;C:\Users\kevon\IntelliJ\gamedb\build\resources\main;C:\Users\kevon\.gradle\caches\modules-2\files-2.1\org.projectlombok\lombok\1.18.42\8365263844ebb62398e0dc33057ba10ba472d3b8\lombok-1.18.42.jar;C:\Users\kevon\.gradle\caches\modules-2\files-2.1\me.paulschwarz\springboot4-dotenv\5.1.0\6bd3fef0916902c5e73b48e6e1206872a2c7ca78\springboot4-dotenv-5.1.0.jar;C:\Users\kevon\.gradle\caches\modules-2\files-2.1\org.springdoc\springdoc-openapi-starter-webmvc-ui\2.8.5\3cb90c2405edb9b0a841b8be06dff85810f6669\springdoc-openapi-starter-webmvc-ui-2.8.5.jar;C:\Users\kevon\.gradle\caches\modules-2\files-2.1\io.jsonwebtoken\jjwt-impl\0.12.5\b4ceb5407a360e0eb7ba6fa6c6452abadf6c120a\jjwt-impl-0.12.5.jar;C:\Users\kevon\.gradle\caches\modules-2\files-2.1\io.jsonwebtoken\jjwt-jackson\0.12.5\1b3e39349c8508272760a7b4cdf6053083ed3f6\jjwt-jackson-0.12.5.jar;C:\Users\kevon\.gradle\caches\modules-2\files-2.1\io.jsonwebtoken\jjwt-api\0.12.5\ea8243e36f16c2834ad69a048ed8a24aa9dd3e79\jjwt-api-0.12.5.jar;C:\Users\kevon\.gradle\caches\modules-2\files-2.1\org.springframework.boot\spring-boot-webmvc\4.0.1\4635bb0220cba3d95ab0b0883b5b1460f59bb31d\spring-boot-webmvc-4.0.1.jar;C:\Users\kevon\.gradle\caches\modules-2\files-2.1\org.springframework.boot\spring-boot-http-converter\4.0.1\ff2953160f2bffc4c888067300f9bf367ae55f26\spring-boot-http-converter-4.0.1.jar;C:\Users\kevon\.gradle\caches\modules-2\files-2.1\org.springframework.boot\spring-boot-data-mongodb\4.0.1\79ba58640fb0d5e47f73ba71c167b0c657eebedf\spring-boot-data-mongodb-4.0.1.jar;C:\Users\kevon\.gradle\caches\modules-2\files-2.1\me.paulschwarz\spring-dotenv\5.1.0\bbe625e5fadebaf5faf5b16683051e543bfa841e\spring-dotenv-5.1.0.jar;C:\Users\kevon\.gradle\caches\modules-2\files-2.1\org.springframework.boot\spring-boot-security\4.0.1\9e406a65f41f9b4d94a7373aa3743c8178f9a226\spring-boot-security-4.0.1.jar;C:\Users\kevon\.gradle\caches\modules-2\files-2.1\org.springdoc\springdoc-openapi-starter-webmvc-api\2.8.5\14b01ce78902bd69087abaaf364688d1de2bddcf\springdoc-openapi-starter-webmvc-api-2.8.5.jar;C:\Users\kevon\.gradle\caches\modules-2\files-2.1\org.springframework\spring-webmvc\7.0.2\ed0b3b7724e8cb4b47976eda5e862b3dd1ed871b\spring-webmvc-7.0.2.jar;C:\Users\kevon\.gradle\caches\modules-2\files-2.1\org.springframework.security\spring-security-config\7.0.2\d15ffd7762c07248e43ee153e27362e89ff8c6b4\spring-security-config-7.0.2.jar;C:\Users\kevon\.gradle\caches\modules-2\files-2.1\org.springframework.security\spring-security-web\7.0.2\8d55b2164a866d932031b77ce21fed35a4a3bfe0\spring-security-web-7.0.2.jar;C:\Users\kevon\.gradle\caches\modules-2\files-2.1\org.springframework.boot\spring-boot-validation\4.0.1\51922ef1ef8049c95e2749d2a11bcb60d59c3ecf\spring-boot-validation-4.0.1.jar;C:\Users\kevon\.gradle\caches\modules-2\files-2.1\org.springframework.boot\spring-boot-cache\4.0.1\ea9a7a7147888d2bc06e7f8a7fb6ca32a3be966f\spring-boot-cache-4.0.1.jar;C:\Users\kevon\.gradle\caches\modules-2\files-2.1\org.springdoc\springdoc-openapi-starter-common\2.8.5\6642dd0895e9b06848584797d1f97293f2e2afd6\springdoc-openapi-starter-common-2.8.5.jar;C:\Users\kevon\.gradle\caches\modules-2\files-2.1\org.springframework.boot\spring-boot-autoconfigure\4.0.1\808c34d74bbad5802bac8ce687424da4da93bb08\spring-boot-autoconfigure-4.0.1.jar;C:\Users\kevon\.gradle\caches\modules-2\files-2.1\org.springframework.boot\spring-boot-jackson\4.0.1\245c1e71474e903bb06b6fffc018c4b2d98738c4\spring-boot-jackson-4.0.1.jar;C:\Users\kevon\.gradle\caches\modules-2\files-2.1\org.springframework.boot\spring-boot-servlet\4.0.1\3dcddba717a9deb204925f41f8e596bba07f417f\spring-boot-servlet-4.0.1.jar;C:\Users\kevon\.gradle\caches\modules-2\files-2.1\org.springframework.boot\spring-boot-mongodb\4.0.1\b7baea22e8b6fd1a50de3137ff9b588e68028e60\spring-boot-mongodb-4.0.1.jar;C:\Users\kevon\.gradle\caches\modules-2\files-2.1\org.springframework.boot\spring-boot-data-commons\4.0.1\f4e33e91371942dd41424d734fe1927fa0d66af\spring-boot-data-commons-4.0.1.jar;C:\Users\kevon\.gradle\caches\modules-2\files-2.1\org.springframework.boot\spring-boot-transaction\4.0.1\10c8fa4e1f4588382bc1775aeeac5e6b3dfd26e\spring-boot-transaction-4.0.1.jar;C:\Users\kevon\.gradle\caches\modules-2\files-2.1\org.springframework.boot\spring-boot-tomcat\4.0.1\4e89e61bfb085a95d1541f1f9ca2d705f31b6197\spring-boot-tomcat-4.0.1.jar;C:\Users\kevon\.gradle\caches\modules-2\files-2.1\org.springframework.boot\spring-boot-web-server\4.0.1\659ce5f51c2bb7161db2811150a555a121dabd68\spring-boot-web-server-4.0.1.jar;C:\Users\kevon\.gradle\caches\modules-2\files-2.1\org.springframework.boot\spring-boot-persistence\4.0.1\2fd127ec9968820eb89da0111564f74199052015\spring-boot-persistence-4.0.1.jar;C:\Users\kevon\.gradle\caches\modules-2\files-2.1\org.springframework.boot\spring-boot\4.0.1\2c20ae598c14dd78d3098aafc8a799afbdf8e69a\spring-boot-4.0.1.jar;C:\Users\kevon\.gradle\caches\modules-2\files-2.1\org.springframework.data\spring-data-mongodb\5.0.1\f8c042bc0604be47abfa3ba02ccad29c3f6cd2ee\spring-data-mongodb-5.0.1.jar;C:\Users\kevon\.gradle\caches\modules-2\files-2.1\org.springframework\spring-context-support\7.0.2\730eb28d537512cfc1a2550d5b9e0c1045e55c16\spring-context-support-7.0.2.jar;C:\Users\kevon\.gradle\caches\modules-2\files-2.1\org.springframework.security\spring-security-core\7.0.2\40317c3763917b061b912bd381bf8016e38eebde\spring-security-core-7.0.2.jar;C:\Users\kevon\.gradle\caches\modules-2\files-2.1\org.springframework\spring-context\7.0.2\531fbbabf0d9ff80bc506121acfd29dcb1531bf9\spring-context-7.0.2.jar;C:\Users\kevon\.gradle\caches\modules-2\files-2.1\org.springframework\spring-aop\7.0.2\25b824571d184e9d47606a62dd787bcf7c55e88e\spring-aop-7.0.2.jar;C:\Users\kevon\.gradle\caches\modules-2\files-2.1\org.webjars\swagger-ui\5.18.3\f67530d3015d70cca8fad24d64065684bba2ac74\swagger-ui-5.18.3.jar;C:\Users\kevon\.gradle\caches\modules-2\files-2.1\org.webjars\webjars-locator-lite\1.1.2\e7acbfaaf40f9cc2b67209a2a9c04b7fc4b19a5f\webjars-locator-lite-1.1.2.jar;C:\Users\kevon\.gradle\caches\modules-2\files-2.1\io.swagger.core.v3\swagger-core-jakarta\2.2.28\d990934d07d250cedcf2bbc7632118ae316bf712\swagger-core-jakarta-2.2.28.jar;C:\Users\kevon\.gradle\caches\modules-2\files-2.1\com.fasterxml.jackson.dataformat\jackson-dataformat-yaml\2.20.1\e6da043059c9ec631a3429ded461d5d92f240c3f\jackson-dataformat-yaml-2.20.1.jar;C:\Users\kevon\.gradle\caches\modules-2\files-2.1\com.fasterxml.jackson.datatype\jackson-datatype-jsr310\2.20.1\7ad06a455afc4a38412d5dab127191bdc3d90faf\jackson-datatype-jsr310-2.20.1.jar;C:\Users\kevon\.gradle\caches\modules-2\files-2.1\com.fasterxml.jackson.core\jackson-core\2.20.1\5734323adfece72111769b0ae38a6cf803e3d178\jackson-core-2.20.1.jar;C:\Users\kevon\.gradle\caches\modules-2\files-2.1\com.fasterxml.jackson.core\jackson-databind\2.20.1\9586a7fe0e1775de0e54237fa6a2c8455c93ac06\jackson-databind-2.20.1.jar;C:\Users\kevon\.gradle\caches\modules-2\files-2.1\jakarta.annotation\jakarta.annotation-api\3.0.0\54f928fadec906a99d558536756d171917b9d936\jakarta.annotation-api-3.0.0.jar;C:\Users\kevon\.gradle\caches\modules-2\files-2.1\org.yaml\snakeyaml\2.5\2d53ddec134280cb384c1e35d094e5f71c1f2316\snakeyaml-2.5.jar;C:\Users\kevon\.gradle\caches\modules-2\files-2.1\org.springframework\spring-web\7.0.2\fc1f3eec8e102b896b06c0082bf4d08486e091d3\spring-web-7.0.2.jar;C:\Users\kevon\.gradle\caches\modules-2\files-2.1\org.mongodb\mongodb-driver-sync\5.6.2\eccbc0b3ce9bae9fcf190a88769f966450aaa7f\mongodb-driver-sync-5.6.2.jar;C:\Users\kevon\.gradle\caches\modules-2\files-2.1\io.github.cdimascio\dotenv-java\3.2.0\89d08b3014567fd589cbbe00a3fadf83810f32dc\dotenv-java-3.2.0.jar;C:\Users\kevon\.gradle\caches\modules-2\files-2.1\org.springframework.data\spring-data-commons\4.0.1\a1fc93b66fb617c1232f6e8b685ebea4c403611\spring-data-commons-4.0.1.jar;C:\Users\kevon\.gradle\caches\modules-2\files-2.1\org.springframework\spring-tx\7.0.2\4fd7a9ae8a0c4490c66c7030024d2ec715e2f63e\spring-tx-7.0.2.jar;C:\Users\kevon\.gradle\caches\modules-2\files-2.1\org.springframework\spring-beans\7.0.2\224739ac1b1bd96e866fb436cbcc46a7457a64a2\spring-beans-7.0.2.jar;C:\Users\kevon\.gradle\caches\modules-2\files-2.1\org.springframework\spring-expression\7.0.2\692338c5c7eaeeeba4f0919b54216c1bf9fbee04\spring-expression-7.0.2.jar;C:\Users\kevon\.gradle\caches\modules-2\files-2.1\org.springframework\spring-core\7.0.2\92b5608685a6212fe2ce3565bc1bf660505560c7\spring-core-7.0.2.jar;C:\Users\kevon\.gradle\caches\modules-2\files-2.1\org.apache.tomcat.embed\tomcat-embed-el\11.0.15\f20bc5f17baa18abeca76a640ad774d6f80a265b\tomcat-embed-el-11.0.15.jar;C:\Users\kevon\.gradle\caches\modules-2\files-2.1\org.hibernate.validator\hibernate-validator\9.0.1.Final\28c0e41ecc84d1f0b8b6d81d16e0784e63364e68\hibernate-validator-9.0.1.Final.jar;C:\Users\kevon\.gradle\caches\modules-2\files-2.1\io.micrometer\micrometer-observation\1.16.1\659a6aa16a5e541de071ef7ba6cb7ef35d59ce2a\micrometer-observation-1.16.1.jar;C:\Users\kevon\.gradle\caches\modules-2\files-2.1\io.micrometer\micrometer-commons\1.16.1\1b14b7052dd88e35625b3f5505f9bb8a9b0fedb8\micrometer-commons-1.16.1.jar;C:\Users\kevon\.gradle\caches\modules-2\files-2.1\org.jspecify\jspecify\1.0.0\7425a601c1c7ec76645a78d22b8c6a627edee507\jspecify-1.0.0.jar;C:\Users\kevon\.gradle\caches\modules-2\files-2.1\tools.jackson.core\jackson-core\3.0.3\d208ec73d6a17667a0462cfc3237076a087bc936\jackson-core-3.0.3.jar;C:\Users\kevon\.gradle\caches\modules-2\files-2.1\tools.jackson.core\jackson-databind\3.0.3\c024f05711e311341d4338cbb7905696e20921f8\jackson-databind-3.0.3.jar;C:\Users\kevon\.gradle\caches\modules-2\files-2.1\io.swagger.core.v3\swagger-models-jakarta\2.2.28\72865af71d886a979322def19fc86753f267d4f7\swagger-models-jakarta-2.2.28.jar;C:\Users\kevon\.gradle\caches\modules-2\files-2.1\com.fasterxml.jackson.core\jackson-annotations\2.20\6a5e7291ea3f2b590a7ce400adb7b3aea4d7e12c\jackson-annotations-2.20.jar;C:\Users\kevon\.gradle\caches\modules-2\files-2.1\ch.qos.logback\logback-classic\1.5.22\b5212de704deea1a38a41a2bf8de274e7c9cd653\logback-classic-1.5.22.jar;C:\Users\kevon\.gradle\caches\modules-2\files-2.1\org.apache.logging.log4j\log4j-to-slf4j\2.25.3\30adfb40cca243ec88cf7ec1fddb411ab55faa4f\log4j-to-slf4j-2.25.3.jar;C:\Users\kevon\.gradle\caches\modules-2\files-2.1\org.slf4j\jul-to-slf4j\2.0.17\524cb6ccc2b68a57604750e1ab8b13b5a786a6aa\jul-to-slf4j-2.0.17.jar;C:\Users\kevon\.gradle\caches\modules-2\files-2.1\org.apache.tomcat.embed\tomcat-embed-websocket\11.0.15\4c0eced7d97fe8404c722d5ff02757a05a6d5033\tomcat-embed-websocket-11.0.15.jar;C:\Users\kevon\.gradle\caches\modules-2\files-2.1\org.apache.tomcat.embed\tomcat-embed-core\11.0.15\aa20506537e3efa61afd6b57d79f9da6a55f37ae\tomcat-embed-core-11.0.15.jar;C:\Users\kevon\.gradle\caches\modules-2\files-2.1\org.mongodb\mongodb-driver-core\5.6.2\4ef17ac9e1f96d7a5990d3e223e0f03c4e155028\mongodb-driver-core-5.6.2.jar;C:\Users\kevon\.gradle\caches\modules-2\files-2.1\org.mongodb\bson-record-codec\5.6.2\9a428fd7fdc8f65c9e106cd87dac40980f0e82d\bson-record-codec-5.6.2.jar;C:\Users\kevon\.gradle\caches\modules-2\files-2.1\org.mongodb\bson\5.6.2\aa07f6bbff6955facba54bb64e9ee270fe1e4198\bson-5.6.2.jar;C:\Users\kevon\.gradle\caches\modules-2\files-2.1\org.slf4j\slf4j-api\2.0.17\d9e58ac9c7779ba3bf8142aff6c830617a7fe60f\slf4j-api-2.0.17.jar;C:\Users\kevon\.gradle\caches\modules-2\files-2.1\commons-logging\commons-logging\1.3.5\a3fcc5d3c29b2b03433aa2d2f2d2c1b1638924a1\commons-logging-1.3.5.jar;C:\Users\kevon\.gradle\caches\modules-2\files-2.1\jakarta.validation\jakarta.validation-api\3.1.1\ec8622148afc5564235d17af80ea80288d0e7f92\jakarta.validation-api-3.1.1.jar;C:\Users\kevon\.gradle\caches\modules-2\files-2.1\org.jboss.logging\jboss-logging\3.6.1.Final\886afbb445b4016a37c8960a7aef6ebd769ce7e5\jboss-logging-3.6.1.Final.jar;C:\Users\kevon\.gradle\caches\modules-2\files-2.1\com.fasterxml\classmate\1.7.1\e803194e4362a2c0585087c5f315682897d12f00\classmate-1.7.1.jar;C:\Users\kevon\.gradle\caches\modules-2\files-2.1\ch.qos.logback\logback-core\1.5.22\7c3ee4420b36bd499fa4f9f18a81d54a64fe0218\logback-core-1.5.22.jar;C:\Users\kevon\.gradle\caches\modules-2\files-2.1\org.apache.logging.log4j\log4j-api\2.25.3\fb385330d89c2d61058ef649403f214633569205\log4j-api-2.25.3.jar;C:\Users\kevon\.gradle\caches\modules-2\files-2.1\org.springframework.security\spring-security-crypto\7.0.2\8cec3433f111e21d6349a9788a1efcf547b8db03\spring-security-crypto-7.0.2.jar;C:\Users\kevon\.gradle\caches\modules-2\files-2.1\org.apache.commons\commons-lang3\3.19.0\d6524b169a6574cd253760c472d419b47bfd37e6\commons-lang3-3.19.0.jar;C:\Users\kevon\.gradle\caches\modules-2\files-2.1\io.swagger.core.v3\swagger-annotations-jakarta\2.2.28\4b303c4bf8940b417e50e3600eb63aa6f6531f0\swagger-annotations-jakarta-2.2.28.jar;C:\Users\kevon\.gradle\caches\modules-2\files-2.1\jakarta.xml.bind\jakarta.xml.bind-api\4.0.4\d6d2327f3817d9a33a3b6b8f2e15a96bc2e7afdc\jakarta.xml.bind-api-4.0.4.jar;C:\Users\kevon\.gradle\caches\modules-2\files-2.1\jakarta.activation\jakarta.activation-api\2.1.4\9e5c2a0d75dde71a0bedc4dbdbe47b78a5dc50f8\jakarta.activation-api-2.1.4.jar kev.gamedb.GamedbApplication
Successfully started process 'command 'C:\Users\kevon\.jdks\openjdk-25.0.2\bin\java.exe''

  .   ____          _            __ _ _
 /\\ / ___'_ __ _ _(_)_ __  __ _ \ \ \ \
( ( )\___ | '_ | '_| | '_ \/ _` | \ \ \ \
 \\/  ___)| |_)| | | | | || (_| |  ) ) ) )
  '  |____| .__|_| |_|_| |_\__, | / / / /
 =========|_|==============|___/=/_/_/_/

 :: Spring Boot ::                (v4.0.1)

2026-02-21T01:38:16.027-05:00  INFO 27408 --- [gamedb] [           main] kev.gamedb.GamedbApplication             : Starting GamedbApplication using Java 25.0.2 with PID 27408 (C:\Users\kevon\IntelliJ\gamedb\build\classes\java\main started by kevon in C:\Users\kevon\IntelliJ\gamedb)
2026-02-21T01:38:16.029-05:00 DEBUG 27408 --- [gamedb] [           main] kev.gamedb.GamedbApplication             : Running with Spring Boot v4.0.1, Spring v7.0.2
2026-02-21T01:38:16.030-05:00  INFO 27408 --- [gamedb] [           main] kev.gamedb.GamedbApplication             : The following 1 profile is active: "dev"
2026-02-21T01:38:16.447-05:00  INFO 27408 --- [gamedb] [           main] .s.d.r.c.RepositoryConfigurationDelegate : Bootstrapping Spring Data MongoDB repositories in DEFAULT mode.
2026-02-21T01:38:16.495-05:00  INFO 27408 --- [gamedb] [           main] .s.d.r.c.RepositoryConfigurationDelegate : Finished Spring Data repository scanning in 44 ms. Found 17 MongoDB repository interfaces.
2026-02-21T01:38:16.729-05:00  INFO 27408 --- [gamedb] [           main] o.s.boot.tomcat.TomcatWebServer          : Tomcat initialized with port 8080 (http)
2026-02-21T01:38:16.736-05:00  INFO 27408 --- [gamedb] [           main] o.apache.catalina.core.StandardService   : Starting service [Tomcat]
2026-02-21T01:38:16.736-05:00  INFO 27408 --- [gamedb] [           main] o.apache.catalina.core.StandardEngine    : Starting Servlet engine: [Apache Tomcat/11.0.15]
2026-02-21T01:38:16.769-05:00  INFO 27408 --- [gamedb] [           main] b.w.c.s.WebApplicationContextInitializer : Root WebApplicationContext: initialization completed in 715 ms
2026-02-21T01:38:16.798-05:00 DEBUG 27408 --- [gamedb] [           main] kev.gamedb.JwtAuthenticationFilter       : Filter 'jwtAuthenticationFilter' configured for use
2026-02-21T01:38:16.798-05:00 DEBUG 27408 --- [gamedb] [           main] kev.gamedb.RateLimitFilter               : Filter 'rateLimitFilter' configured for use
2026-02-21T01:38:16.892-05:00  INFO 27408 --- [gamedb] [           main] org.mongodb.driver.client                : MongoClient with metadata {"driver": {"name": "mongo-java-driver|spring-boot|sync", "version": "5.6.2"}, "os": {"type": "Windows", "name": "Windows 11", "architecture": "amd64", "version": "10.0"}, "platform": "Java/Oracle Corporation/25.0.2+10-69"} created with settings MongoClientSettings{readPreference=primary, writeConcern=WriteConcern{w=null, wTimeout=null ms, journal=null}, retryWrites=true, retryReads=true, readConcern=ReadConcern{level=null}, credential=null, transportSettings=null, commandListeners=[], codecRegistry=ProvidersCodecRegistry{codecProviders=[ValueCodecProvider{}, BsonValueCodecProvider{}, DBRefCodecProvider{}, DBObjectCodecProvider{}, DocumentCodecProvider{}, CollectionCodecProvider{}, IterableCodecProvider{}, MapCodecProvider{}, GeoJsonCodecProvider{}, GridFSFileCodecProvider{}, Jsr310CodecProvider{}, JsonObjectCodecProvider{}, BsonCodecProvider{}, com.mongodb.client.model.mql.ExpressionCodecProvider@394a6d2b, com.mongodb.Jep395RecordCodecProvider@635ff2a5, com.mongodb.KotlinCodecProvider@55adcf9e, EnumCodecProvider{}]}, loggerSettings=LoggerSettings{maxDocumentLength=1000}, clusterSettings={hosts=[localhost:27017], srvServiceName=mongodb, mode=SINGLE, requiredClusterType=UNKNOWN, requiredReplicaSetName='null', serverSelector='null', clusterListeners='[]', serverSelectionTimeout='30000 ms', localThreshold='15 ms'}, socketSettings=SocketSettings{connectTimeoutMS=10000, readTimeoutMS=0, receiveBufferSize=0, proxySettings=ProxySettings{host=null, port=null, username=null, password=null}}, heartbeatSocketSettings=SocketSettings{connectTimeoutMS=10000, readTimeoutMS=10000, receiveBufferSize=0, proxySettings=ProxySettings{host=null, port=null, username=null, password=null}}, connectionPoolSettings=ConnectionPoolSettings{maxSize=100, minSize=0, maxWaitTimeMS=120000, maxConnectionLifeTimeMS=0, maxConnectionIdleTimeMS=0, maintenanceInitialDelayMS=0, maintenanceFrequencyMS=60000, connectionPoolListeners=[], maxConnecting=2}, serverSettings=ServerSettings{heartbeatFrequencyMS=10000, minHeartbeatFrequencyMS=500, serverMonitoringMode=AUTO, serverListeners='[]', serverMonitorListeners='[]'}, sslSettings=SslSettings{enabled=false, invalidHostNameAllowed=false, context=null}, applicationName='null', compressorList=[], uuidRepresentation=UNSPECIFIED, serverApi=null, autoEncryptionSettings=null, dnsClient=null, inetAddressResolver=null, contextProvider=null, timeoutMS=null}
2026-02-21T01:38:16.904-05:00  INFO 27408 --- [gamedb] [localhost:27017] org.mongodb.driver.cluster               : Monitor thread successfully connected to server with description ServerDescription{address=localhost:27017, type=STANDALONE, cryptd=false, state=CONNECTED, ok=true, minWireVersion=0, maxWireVersion=27, maxDocumentSize=16777216, logicalSessionTimeoutMinutes=30, roundTripTimeNanos=9020700, minRoundTripTimeNanos=0}
2026-02-21T01:38:17.122-05:00  INFO 27408 --- [gamedb] [           main] eAuthenticationProviderManagerConfigurer : Global AuthenticationManager configured with AuthenticationProvider bean with name authenticationProvider
2026-02-21T01:38:17.123-05:00  WARN 27408 --- [gamedb] [           main] r$InitializeUserDetailsManagerConfigurer : Global AuthenticationManager configured with an AuthenticationProvider bean. UserDetailsService beans will not be used by Spring Security for automatically configuring username/password login. Consider removing the AuthenticationProvider bean. Alternatively, consider using the UserDetailsService in a manually instantiated DaoAuthenticationProvider. If the current configuration is intentional, to turn off this warning, increase the logging level of 'org.springframework.security.config.annotation.authentication.configuration.InitializeUserDetailsBeanManagerConfigurer' to ERROR
2026-02-21T01:38:17.535-05:00  INFO 27408 --- [gamedb] [           main] o.s.boot.tomcat.TomcatWebServer          : Tomcat started on port 8080 (http) with context path '/'
2026-02-21T01:38:17.538-05:00  INFO 27408 --- [gamedb] [           main] kev.gamedb.GamedbApplication             : Started GamedbApplication in 1.731 seconds (process running for 1.942)
