Ensuring indexes for all collections (High Performance Mode)...
All critical indexes ensured. Upserts will be O(1).

>>> SYNC: 'genres' (Starting at 0)
Fetching new Twitch OAuth token...
Traceback (most recent call last):
  File "C:\Users\kevon\IntelliJ\gamedb\igdbApi\sync.py", line 249, in <module>
    sync.run_all()
    ~~~~~~~~~~~~^^
  File "C:\Users\kevon\IntelliJ\gamedb\igdbApi\sync.py", line 244, in run_all
    self.sync_endpoint(ep)
    ~~~~~~~~~~~~~~~~~~^^^^
  File "C:\Users\kevon\IntelliJ\gamedb\igdbApi\sync.py", line 154, in sync_endpoint
    headers = self.auth.get_headers()
  File "C:\Users\kevon\IntelliJ\gamedb\igdbApi\auth.py", line 37, in get_headers
    token = self.get_token()
  File "C:\Users\kevon\IntelliJ\gamedb\igdbApi\auth.py", line 27, in get_token
    response.raise_for_status()
    ~~~~~~~~~~~~~~~~~~~~~~~~~^^
  File "C:\Users\kevon\AppData\Local\Packages\PythonSoftwareFoundation.Python.3.13_qbz5n2kfra8p0\LocalCache\local-packages\Python313\site-packages\requests\models.py", line 1021, in raise_for_status
    raise HTTPError(http_error_msg, response=self)
requests.exceptions.HTTPError: 400 Client Error: Bad Request for url: https://id.twitch.tv/oauth2/token?grant_type=client_credentials
